[0m17:28:55.978958 [debug] [MainThread]: Sending event: {'category': 'dbt', 'action': 'invocation', 'label': 'start', 'context': [<snowplow_tracker.self_describing_json.SelfDescribingJson object at 0x0000019AC278CEB0>, <snowplow_tracker.self_describing_json.SelfDescribingJson object at 0x0000019AC3A47CD0>, <snowplow_tracker.self_describing_json.SelfDescribingJson object at 0x0000019AC3A47F70>]}


============================== 17:28:55.987324 | 663f732f-d471-4e5e-9969-2c77cbcf5a63 ==============================
[0m17:28:55.987324 [info ] [MainThread]: Running with dbt=1.11.7
[0m17:28:55.990322 [debug] [MainThread]: running dbt with arguments {'static_parser': 'True', 'no_print': 'None', 'version_check': 'True', 'target_path': 'None', 'warn_error_options': 'WarnErrorOptionsV2(error=[], warn=[], silence=[])', 'printer_width': '80', 'write_json': 'True', 'introspect': 'True', 'log_cache_events': 'False', 'empty': 'None', 'cache_selected_only': 'False', 'fail_fast': 'False', 'debug': 'False', 'log_format': 'default', 'partial_parse': 'True', 'send_anonymous_usage_stats': 'True', 'quiet': 'False', 'warn_error': 'None', 'profiles_dir': 'C:\\Users\\hp\\.dbt', 'indirect_selection': 'eager', 'use_colors': 'True', 'invocation_command': 'dbt init fraud_dbt', 'use_experimental_parser': 'False', 'log_path': 'logs'}
[0m17:28:56.036899 [info ] [MainThread]: Creating dbt configuration folder at C:\Users\hp\.dbt
[0m17:28:56.040900 [debug] [MainThread]: Starter project path: C:\Users\hp\AppData\Local\Programs\Python\Python310\lib\site-packages\dbt\include\starter_project
[0m17:28:56.593337 [info ] [MainThread]: 
Your new dbt project "fraud_dbt" was created!

For more information on how to configure the profiles.yml file,
please consult the dbt documentation here:

  https://docs.getdbt.com/docs/configure-your-profile

One more thing:

Need help? Don't hesitate to reach out to us via GitHub issues or on Slack:

  https://community.getdbt.com/

Happy modeling!

[0m17:28:56.596363 [info ] [MainThread]: Setting up your profile.
[0m17:32:32.422882 [info ] [MainThread]: Profile fraud_dbt written to C:\Users\hp\.dbt\profiles.yml using target's profile_template.yml and your supplied values. Run 'dbt debug' to validate the connection.
[0m17:32:32.427884 [debug] [MainThread]: Command `dbt init` succeeded at 17:32:32.426879 after 216.96 seconds
[0m17:32:32.428881 [debug] [MainThread]: Sending event: {'category': 'dbt', 'action': 'invocation', 'label': 'end', 'context': [<snowplow_tracker.self_describing_json.SelfDescribingJson object at 0x0000019AC278CEB0>, <snowplow_tracker.self_describing_json.SelfDescribingJson object at 0x0000019AC3A46E30>, <snowplow_tracker.self_describing_json.SelfDescribingJson object at 0x0000019AC3A46B30>]}
[0m17:32:32.430879 [debug] [MainThread]: Flushing usage events
[0m17:32:33.068159 [debug] [MainThread]: An error was encountered while trying to flush usage events
